  Assembling act5.1.asm...
act5.1.asm(22): error A2008: syntax error : main
act5.1.asm(22): error A2088: END directive required at end of file
C:\Program Files\Microsoft Visual Studio\2022\Community\MSBuild\Microsoft\VC\v170\BuildCustomizations\masm.targets(70,5): error MSB3721: The command "ml64.exe /c /nologo /Zi /Fo"x64\Debug\act5.1.obj" /W3 /errorReport:prompt  /Taact5.1.asm" exited with code 1.
