  Assembling assemblycode.asm...
assemblycode.asm(11): error A2006: undefined symbol : rax
assemblycode.asm(12): error A2006: undefined symbol : rax
assemblycode.asm(13): error A2006: undefined symbol : rax
assemblycode.asm(14): error A2006: undefined symbol : rax
C:\Program Files\Microsoft Visual Studio\2022\Community\MSBuild\Microsoft\VC\v170\BuildCustomizations\masm.targets(70,5): error MSB3721: The command "ml.exe /c /nologo /Zi /Fo"Debug\assemblycode.obj" /W3 /errorReport:prompt  /Taassemblycode.asm" exited with code 1.
